2021-09-14 22:35:37 {'algorithm': 'ABCH', 'mapping': 'EX17', 'timeout': 3600, 'memory_limit': 20480, 'jacobian_check': 'OK', 'max_memory': 2887.33203125, 'duration': 1012.4808, 'status': 'OK', 'inversion_check_max_memory': -1, 'inverse_check_duration': 0.0281, 'inverse_check_status': 'OK'}
2021-09-14 22:39:35 {'algorithm': 'ABCH_CRT', 'mapping': 'EX17', 'timeout': 3600, 'memory_limit': 20480, 'jacobian_check': 'OK', 'max_memory': 1720.22265625, 'duration': 235.4749, 'status': 'OK', 'inversion_check_max_memory': -1, 'inverse_check_duration': 0.0369, 'inverse_check_status': 'OK'}
2021-09-14 22:39:41 {'algorithm': 'ABCH', 'mapping': 'EX19', 'timeout': 3600, 'memory_limit': 20480, 'jacobian_check': 'OK', 'max_memory': 146.95703125, 'duration': 2.0812, 'status': 'OK', 'inversion_check_max_memory': 147.921875, 'inverse_check_duration': 0.4018, 'inverse_check_status': 'OK'}
2021-09-14 22:40:09 {'algorithm': 'ABCH_CRT', 'mapping': 'EX19', 'timeout': 3600, 'memory_limit': 20480, 'jacobian_check': 'OK', 'max_memory': 306.96484375, 'duration': 24.2033, 'status': 'OK', 'inversion_check_max_memory': -1, 'inverse_check_duration': 0.2676, 'inverse_check_status': 'OK'}
2021-09-14 22:56:49 {'algorithm': 'ABCH', 'mapping': 'EX20', 'timeout': 3600, 'memory_limit': 20480, 'jacobian_check': 'OK', 'max_memory': 4437.390625, 'duration': 937.0894, 'status': 'OK', 'inversion_check_max_memory': 505.734375, 'inverse_check_duration': 60.8725, 'inverse_check_status': 'OK'}
2021-09-14 23:09:24 {'algorithm': 'ABCH_CRT', 'mapping': 'EX20', 'timeout': 3600, 'memory_limit': 20480, 'jacobian_check': 'OK', 'max_memory': 5486.67578125, 'duration': 688.9472, 'status': 'OK', 'inversion_check_max_memory': 505.859375, 'inverse_check_duration': 63.6832, 'inverse_check_status': 'OK'}
2021-09-14 23:09:27 {'algorithm': 'GB_SAGE', 'mapping': 'EX17', 'timeout': 3600, 'memory_limit': 20480, 'jacobian_check': 'OK', 'max_memory': 147.29296875, 'duration': 1.6495, 'status': 'OK', 'inversion_check_max_memory': -1, 'inverse_check_duration': 0.026, 'inverse_check_status': 'OK'}
2021-09-15 00:09:29 {'algorithm': 'GB_SAGE', 'mapping': 'EX19', 'timeout': 3600, 'memory_limit': 20480, 'jacobian_check': 'OK', 'max_memory': 1507.5078125, 'status': 'TLE', 'duration': 3600}
2021-09-15 01:09:32 {'algorithm': 'GB_SAGE', 'mapping': 'EX20', 'timeout': 3600, 'memory_limit': 20480, 'jacobian_check': 'OK', 'max_memory': 2256.63671875, 'status': 'TLE', 'duration': 3600}
2021-09-15 07:03:11 {'algorithm': 'GB_MAPLE', 'mapping': 'EX17', 'timeout': 3600, 'memory_limit': 20480, 'jacobian_check': 'OK', 'max_memory': -1, 'duration': 0.3403, 'status': 'OK', 'inversion_check_max_memory': -1, 'inverse_check_duration': 0.0225, 'inverse_check_status': 'OK'}
2021-09-15 07:03:13 {'algorithm': 'GB_MAPLE', 'mapping': 'EX17', 'method': 'fgb', 'timeout': 3600, 'memory_limit': 20480, 'jacobian_check': 'OK', 'max_memory': -1, 'duration': 0.133, 'status': 'OK', 'inversion_check_max_memory': -1, 'inverse_check_duration': 0.0203, 'inverse_check_status': 'OK'}
2021-09-15 07:03:16 {'algorithm': 'GB_MAPLE', 'mapping': 'EX17', 'method': 'buchberger', 'timeout': 3600, 'memory_limit': 20480, 'jacobian_check': 'OK', 'max_memory': -1, 'duration': 0.1806, 'status': 'OK', 'inversion_check_max_memory': -1, 'inverse_check_duration': 0.0213, 'inverse_check_status': 'OK'}
2021-09-15 07:03:18 None
2021-09-15 07:03:57 {'algorithm': 'GB_MAPLE', 'mapping': 'EX17', 'timeout': 3600, 'memory_limit': 20480, 'jacobian_check': 'OK', 'max_memory': -1, 'duration': 0.177, 'status': 'OK', 'inversion_check_max_memory': -1, 'inverse_check_duration': 0.0199, 'inverse_check_status': 'OK'}
2021-09-15 07:03:59 {'algorithm': 'GB_MAPLE', 'mapping': 'EX17', 'method': 'fgb', 'timeout': 3600, 'memory_limit': 20480, 'jacobian_check': 'OK', 'max_memory': -1, 'duration': 0.1888, 'status': 'OK', 'inversion_check_max_memory': -1, 'inverse_check_duration': 0.0188, 'inverse_check_status': 'OK'}
2021-09-15 07:04:01 {'algorithm': 'GB_MAPLE', 'mapping': 'EX17', 'method': 'maplef4', 'timeout': 3600, 'memory_limit': 20480, 'jacobian_check': 'OK', 'max_memory': -1, 'duration': 0.1855, 'status': 'OK', 'inversion_check_max_memory': -1, 'inverse_check_duration': 0.0232, 'inverse_check_status': 'OK'}
2021-09-15 07:04:02 {'algorithm': 'GB_MAPLE', 'mapping': 'EX17', 'method': 'buchberger', 'timeout': 3600, 'memory_limit': 20480, 'jacobian_check': 'OK', 'max_memory': -1, 'duration': 0.1694, 'status': 'OK', 'inversion_check_max_memory': -1, 'inverse_check_duration': 0.0196, 'inverse_check_status': 'OK'}
2021-09-15 07:04:04 {'algorithm': 'GB_MAPLE', 'mapping': 'EX17', 'method': 'fglm', 'timeout': 3600, 'memory_limit': 20480, 'jacobian_check': 'OK', 'max_memory': -1}
2021-09-15 07:07:18 {'algorithm': 'GB_MAPLE', 'mapping': 'EX17', 'method': 'walk', 'timeout': 3600, 'memory_limit': 20480, 'jacobian_check': 'OK', 'max_memory': 301.02734375, 'duration': 192.6138, 'status': 'OK', 'inversion_check_max_memory': -1, 'inverse_check_duration': 0.0226, 'inverse_check_status': 'OK'}
2021-09-15 07:07:20 {'algorithm': 'GB_MAPLE', 'mapping': 'EX17', 'method': 'direct', 'timeout': 3600, 'memory_limit': 20480, 'jacobian_check': 'OK', 'max_memory': -1, 'duration': 0.1652, 'status': 'OK', 'inversion_check_max_memory': -1, 'inverse_check_duration': 0.0228, 'inverse_check_status': 'OK'}
2021-09-15 07:10:35 {'algorithm': 'GB_MAPLE', 'mapping': 'EX17', 'method': 'convert', 'timeout': 3600, 'memory_limit': 20480, 'jacobian_check': 'OK', 'max_memory': 333.58203125, 'duration': 193.2566, 'status': 'OK', 'inversion_check_max_memory': -1, 'inverse_check_duration': 0.0229, 'inverse_check_status': 'OK'}
2021-09-15 08:10:38 {'algorithm': 'GB_MAPLE', 'mapping': 'EX19', 'timeout': 3600, 'memory_limit': 20480, 'jacobian_check': 'OK', 'max_memory': 14782.47265625, 'status': 'TLE', 'duration': 3600}
2021-09-15 08:11:03 {'algorithm': 'GB_MAPLE', 'mapping': 'EX19', 'method': 'fgb', 'timeout': 3600, 'memory_limit': 20480, 'jacobian_check': 'OK', 'max_memory': 145.48828125}
2021-09-15 09:11:07 {'algorithm': 'GB_MAPLE', 'mapping': 'EX19', 'method': 'maplef4', 'timeout': 3600, 'memory_limit': 20480, 'jacobian_check': 'OK', 'max_memory': 11620.58203125, 'status': 'TLE', 'duration': 3600}
2021-09-15 10:11:29 {'algorithm': 'GB_MAPLE', 'mapping': 'EX19', 'method': 'buchberger', 'timeout': 3600, 'memory_limit': 20480, 'jacobian_check': 'OK', 'max_memory': 489.796875, 'status': 'TLE', 'duration': 3600}
2021-09-15 11:11:36 {'algorithm': 'GB_MAPLE', 'mapping': 'EX19', 'method': 'fglm', 'timeout': 3600, 'memory_limit': 20480, 'jacobian_check': 'OK', 'max_memory': 15316.2265625, 'status': 'TLE', 'duration': 3600}
2021-09-15 12:12:01 {'algorithm': 'GB_MAPLE', 'mapping': 'EX19', 'method': 'walk', 'timeout': 3600, 'memory_limit': 20480, 'jacobian_check': 'OK', 'max_memory': 15319.296875, 'status': 'TLE', 'duration': 3600}
2021-09-15 13:12:18 {'algorithm': 'GB_MAPLE', 'mapping': 'EX19', 'method': 'direct', 'timeout': 3600, 'memory_limit': 20480, 'jacobian_check': 'OK', 'max_memory': 12021.25, 'status': 'TLE', 'duration': 3600}
2021-09-15 14:12:33 {'algorithm': 'GB_MAPLE', 'mapping': 'EX19', 'method': 'convert', 'timeout': 3600, 'memory_limit': 20480, 'jacobian_check': 'OK', 'max_memory': 15326.76171875, 'status': 'TLE', 'duration': 3600}
2021-09-15 15:13:00 {'algorithm': 'GB_MAPLE', 'mapping': 'EX20', 'timeout': 3600, 'memory_limit': 20480, 'jacobian_check': 'OK', 'max_memory': 460.984375, 'status': 'TLE', 'duration': 3600}
2021-09-15 15:13:04 {'algorithm': 'GB_MAPLE', 'mapping': 'EX20', 'method': 'fgb', 'timeout': 3600, 'memory_limit': 20480, 'jacobian_check': 'OK', 'max_memory': -1}
2021-09-15 15:14:09 {'algorithm': 'GB_MAPLE', 'mapping': 'EX20', 'method': 'maplef4', 'timeout': 3600, 'memory_limit': 20480, 'jacobian_check': 'OK', 'max_memory': 149.5078125, 'duration': 1.8957, 'status': 'OK', 'inversion_check_max_memory': 502.9921875, 'inverse_check_duration': 61.7232, 'inverse_check_status': 'OK'}
2021-09-15 16:14:12 {'algorithm': 'GB_MAPLE', 'mapping': 'EX20', 'method': 'buchberger', 'timeout': 3600, 'memory_limit': 20480, 'jacobian_check': 'OK', 'max_memory': 12289.078125, 'status': 'TLE', 'duration': 3600}
2021-09-15 16:14:24 {'algorithm': 'GB_MAPLE', 'mapping': 'EX20', 'method': 'fglm', 'timeout': 3600, 'memory_limit': 20480, 'jacobian_check': 'OK', 'max_memory': 149.984375}
2021-09-15 17:14:27 {'algorithm': 'GB_MAPLE', 'mapping': 'EX20', 'method': 'walk', 'timeout': 3600, 'memory_limit': 20480, 'jacobian_check': 'OK', 'max_memory': 430.140625, 'status': 'TLE', 'duration': 3600}
2021-09-15 17:15:35 {'algorithm': 'GB_MAPLE', 'mapping': 'EX20', 'method': 'direct', 'timeout': 3600, 'memory_limit': 20480, 'jacobian_check': 'OK', 'max_memory': 151.421875, 'duration': 1.7515, 'status': 'OK', 'inversion_check_max_memory': 504.93359375, 'inverse_check_duration': 63.9796, 'inverse_check_status': 'OK'}
2021-09-15 18:15:37 {'algorithm': 'GB_MAPLE', 'mapping': 'EX20', 'method': 'convert', 'timeout': 3600, 'memory_limit': 20480, 'jacobian_check': 'OK', 'max_memory': 485.48828125, 'status': 'TLE', 'duration': 3600}
